<?xml version="1.0" encoding="UTF-8"?>
<!-- Generated by org.testng.reporters.JUnitReportReporter -->
<testsuite hostname="DESKTOP-A2A2E4J" failures="0" tests="1" name="mytest1.Program1" time="6.099" errors="0" timestamp="2024-02-29T22:50:20 IST" skipped="0">
  <testcase classname="mytest1.Program1" name="Login" time="6.099"/>
  <system-out/>
</testsuite> <!-- mytest1.Program1 -->
